<?xml version="1.0" encoding="UTF-8"?>
<!-- Generated by org.testng.reporters.JUnitReportReporter -->
<testsuite hostname="IN-9H42M63" failures="0" tests="1" name="com.myamazon.testcases.EndToEndTest" time="104.773" errors="0" timestamp="2022-06-12T22:46:52 IST" skipped="0">
  <testcase classname="com.myamazon.testcases.EndToEndTest" name="endToEndTest" time="104.773"/>
  <system-out/>
</testsuite> <!-- com.myamazon.testcases.EndToEndTest -->
