<?xml version="1.0" encoding="UTF-8"?>
<!-- Generated by org.testng.reporters.JUnitReportReporter -->
<testsuite hostname="IN-9H42M63" failures="0" tests="1" name="com.myamazon.testcases.TitleTest" time="100.278" errors="0" timestamp="2022-06-12T22:46:52 IST" skipped="0">
  <testcase classname="com.myamazon.testcases.TitleTest" name="storeTitleTest" time="100.278"/>
  <system-out/>
</testsuite> <!-- com.myamazon.testcases.TitleTest -->
